<?xml version="1.0" encoding="UTF-8"?>
<!-- Generated by org.testng.reporters.JUnitReportReporter -->
<testsuite hostname="LAPTOP-S288MNHO" failures="0" tests="1" name="com.ebay.testPages.EbayHomePagetest" time="3.859" errors="0" timestamp="2022-07-23T22:10:56 EDT" skipped="0">
  <testcase classname="com.ebay.testPages.EbayHomePagetest" name="testProductSearch" time="3.859"/>
  <system-out/>
</testsuite> <!-- com.ebay.testPages.EbayHomePagetest -->
